    NO MET    YEAR   MONTH  DAY
   3272003    2003      3    28


           APPARENT :

    ALFA R   DELTA R    ALFA G   DELTA G
  174.6400   15.4000  172.6286   12.6210
    2.0000    2.0000    2.1562    2.2140

    LAMBDA     BETA      L         B       G ELONG   H ELONG
  168.2246    8.6653  119.3897    3.6121  107.7474  156.5301
    2.1399    2.2030    1.0025     .9331    2.1123    1.0103

           J2000.0 :

    ALFA R   DELTA R     V INF    ALFA G   DELTA G     V G       V H
  174.5963   15.4181   19.3000  172.5850   12.6390   15.8049   37.7957
    2.0000    2.0000     .6000    2.1563    2.2139     .7352     .6603

     L         B       V EARTH    1/A        PI    TRUE ANOM  TIME FROM PI
  119.3408    3.6118   29.8512   .393665  243.1901  303.9137   1441.38
    1.0025     .9331     .0000   .056260    2.9920    2.9920    318.66

     A         E        Q PER     Q APH     OMEGA   ASC NODE     INCL
    2.5402     .6772     .8199    4.2606  236.0849    7.1053    3.9011
     .3630     .0447     .0148     .7218    2.9920     .0008    1.0101





           B1950.0 :

    ALFA R   DELTA R     V INF    ALFA G   DELTA G     V G       V H
  173.9480   15.6951   19.3000  171.9360   12.9149   15.8049   37.7957
    2.0000    2.0000     .6000    2.1563    2.2139     .7352     .6603

     L         B       V EARTH    1/A        PI    TRUE ANOM  TIME FROM PI
  118.6423    3.6064   29.8512   .393665  242.4919  303.9137   1441.38
    1.0025     .9331     .0000   .056260    2.9920    2.9920    318.66

     A         E        Q PER     Q APH     OMEGA   ASC NODE     INCL
    2.5402     .6772     .8199    4.2606  236.0647    6.4272    3.8947
     .3630     .0447     .0148     .7218    2.9920     .0008    1.0101



