2024-10-29 15:46:05,596 - pyswarms.backend.generators - ERROR - Bounds and/or init_pos should be of size (5,)
Traceback (most recent call last):
  File "/home/chowi/miniconda3/envs/wmpl/lib/python3.8/site-packages/pyswarms/backend/generators.py", line 74, in generate_swarm
    lb, ub = bounds
ValueError: too many values to unpack (expected 2)
2024-10-29 15:48:40,289 - pyswarms.single.local_best - INFO - Optimize for 1000 iters with {'c1': 0.6, 'c2': 0.3, 'w': 0.9, 'k': 10, 'p': 1}
2024-10-29 15:49:56,759 - pyswarms.single.global_best - INFO - Optimize for 1000 iters with {'c1': 0.6, 'c2': 0.3, 'w': 0.9, 'k': 10, 'p': 1}
2024-10-29 15:56:22,773 - pyswarms.single.global_best - INFO - Optimize for 1000 iters with {'c1': 0.5, 'c2': 0.3, 'w': 0.9}
2024-10-29 15:56:23,379 - pyswarms.single.global_best - INFO - Optimization finished | best cost: 6.18811699634334e-44, best pos: [-2.48755382e-22  1.38916920e-24]
2024-10-29 15:56:31,160 - pyswarms.single.global_best - INFO - Optimize for 1000 iters with {'c1': 0.5, 'c2': 0.3, 'w': 0.9}
2024-10-29 15:56:31,813 - pyswarms.single.global_best - INFO - Optimization finished | best cost: 0.0, best pos: [3.66292965e-09 1.38404664e-09]
2024-10-29 16:03:37,043 - pyswarms.single.global_best - INFO - Optimize for 1000 iters with {'c1': 0.6, 'c2': 0.3, 'w': 0.9}
2024-10-29 16:06:14,232 - pyswarms.single.global_best - INFO - Optimize for 1000 iters with {'c1': 0.6, 'c2': 0.3, 'w': 0.9}
2024-10-29 16:06:35,271 - pyswarms.single.global_best - INFO - Optimize for 1000 iters with {'c1': 0.6, 'c2': 0.3, 'w': 0.9}
2024-10-29 16:09:06,079 - pyswarms.backend.generators - ERROR - Bounds and/or init_pos should be of size (5,)
Traceback (most recent call last):
  File "/home/chowi/miniconda3/envs/wmpl/lib/python3.8/site-packages/pyswarms/backend/generators.py", line 67, in generate_swarm
    raise ValueError("User-defined init_pos is out of bounds.")
ValueError: User-defined init_pos is out of bounds.
2024-10-29 16:09:34,494 - pyswarms.single.global_best - INFO - Optimize for 1000 iters with {'c1': 0.6, 'c2': 0.3, 'w': 0.9}
2024-10-29 16:12:13,965 - pyswarms.single.global_best - INFO - Optimize for 1000 iters with {'c1': 0.6, 'c2': 0.3, 'w': 0.9}
2024-10-29 16:13:55,652 - pyswarms.single.global_best - INFO - Optimize for 1000 iters with {'c1': 0.6, 'c2': 0.3, 'w': 0.9}
2024-10-29 16:14:25,080 - pyswarms.single.global_best - INFO - Optimize for 1000 iters with {'c1': 0.6, 'c2': 0.3, 'w': 0.9}
2024-10-29 16:16:38,205 - pyswarms.single.global_best - INFO - Optimize for 1000 iters with {'c1': 0.6, 'c2': 0.3, 'w': 0.9}
2024-10-29 16:17:16,392 - pyswarms.single.global_best - INFO - Optimization finished | best cost: 36415.99097467534, best pos: [0.99912602 0.54823667 0.69057121 0.34994328 0.41624337]
2024-10-29 16:43:06,927 - pyswarms.backend.generators - ERROR - Bounds and/or init_pos should be of size (5,)
Traceback (most recent call last):
  File "/home/chowi/miniconda3/envs/wmpl/lib/python3.8/site-packages/pyswarms/backend/generators.py", line 67, in generate_swarm
    raise ValueError("User-defined init_pos is out of bounds.")
ValueError: User-defined init_pos is out of bounds.
2024-10-29 16:45:42,716 - pyswarms.backend.generators - ERROR - Bounds and/or init_pos should be of size (5,)
Traceback (most recent call last):
  File "/home/chowi/miniconda3/envs/wmpl/lib/python3.8/site-packages/pyswarms/backend/generators.py", line 67, in generate_swarm
    raise ValueError("User-defined init_pos is out of bounds.")
ValueError: User-defined init_pos is out of bounds.
2024-10-29 16:51:07,049 - pyswarms.backend.generators - ERROR - Bounds and/or init_pos should be of size (5,)
Traceback (most recent call last):
  File "/home/chowi/miniconda3/envs/wmpl/lib/python3.8/site-packages/pyswarms/backend/generators.py", line 67, in generate_swarm
    raise ValueError("User-defined init_pos is out of bounds.")
ValueError: User-defined init_pos is out of bounds.
2024-10-29 16:51:13,010 - pyswarms.backend.generators - ERROR - Bounds and/or init_pos should be of size (5,)
Traceback (most recent call last):
  File "/home/chowi/miniconda3/envs/wmpl/lib/python3.8/site-packages/pyswarms/backend/generators.py", line 67, in generate_swarm
    raise ValueError("User-defined init_pos is out of bounds.")
ValueError: User-defined init_pos is out of bounds.
2024-10-29 16:54:30,468 - pyswarms.backend.generators - ERROR - Bounds and/or init_pos should be of size (5,)
Traceback (most recent call last):
  File "/home/chowi/miniconda3/envs/wmpl/lib/python3.8/site-packages/pyswarms/backend/generators.py", line 67, in generate_swarm
    raise ValueError("User-defined init_pos is out of bounds.")
ValueError: User-defined init_pos is out of bounds.
2024-10-29 16:55:02,599 - pyswarms.single.global_best - INFO - Optimize for 1000 iters with {'c1': 0.6, 'c2': 0.3, 'w': 0.9}
2024-10-29 16:56:32,463 - pyswarms.single.global_best - INFO - Optimize for 1000 iters with {'c1': 0.6, 'c2': 0.3, 'w': 0.9}
2024-10-29 16:59:35,907 - pyswarms.single.global_best - INFO - Optimize for 1000 iters with {'c1': 0.6, 'c2': 0.3, 'w': 0.9}
2024-10-29 17:02:21,896 - pyswarms.single.global_best - INFO - Optimize for 1000 iters with {'c1': 0.6, 'c2': 0.3, 'w': 0.9}
2024-10-29 17:11:38,307 - pyswarms.single.global_best - INFO - Optimize for 1000 iters with {'c1': 0.6, 'c2': 0.3, 'w': 0.9}
2024-10-29 17:15:22,382 - pyswarms.single.global_best - INFO - Optimize for 1000 iters with {'c1': 0.6, 'c2': 0.3, 'w': 0.9}
2024-10-29 17:19:05,505 - pyswarms.single.global_best - INFO - Optimize for 1000 iters with {'c1': 0.6, 'c2': 0.3, 'w': 0.9}
2024-10-29 17:47:21,737 - pyswarms.single.global_best - INFO - Optimize for 1000 iters with {'c1': 0.6, 'c2': 0.3, 'w': 0.9}
2024-10-30 22:18:14,300 - pyswarms.backend.generators - ERROR - Bounds and/or init_pos should be of size (5,)
Traceback (most recent call last):
  File "/home/ichow9/.conda/envs/wmpl/lib/python3.10/site-packages/pyswarms-1.3.0-py3.10.egg/pyswarms/backend/generators.py", line 67, in generate_swarm
    raise ValueError("User-defined init_pos is out of bounds.")
ValueError: User-defined init_pos is out of bounds.
2024-10-30 22:24:20,016 - pyswarms.single.global_best - INFO - Optimize for 1000 iters with {'c1': 0.6, 'c2': 0.3, 'w': 0.9}
2024-10-30 22:32:33,119 - pyswarms.single.global_best - INFO - Optimize for 1000 iters with {'c1': 0.6, 'c2': 0.3, 'w': 0.9}
2024-10-30 22:35:47,505 - pyswarms.single.global_best - INFO - Optimize for 1000 iters with {'c1': 0.6, 'c2': 0.3, 'w': 0.9}
2024-10-30 22:38:58,698 - pyswarms.single.local_best - INFO - Optimize for 1000 iters with {'c1': 0.6, 'c2': 0.3, 'w': 0.9, 'k': 10, 'p': 1}
2024-10-30 22:41:43,437 - pyswarms.single.local_best - INFO - Optimize for 1000 iters with {'c1': 0.6, 'c2': 0.3, 'w': 0.9, 'k': 10, 'p': 1}
2024-10-30 22:42:39,343 - pyswarms.single.local_best - INFO - Optimize for 1000 iters with {'c1': 0.6, 'c2': 0.3, 'w': 0.9, 'k': 10, 'p': 1}
2024-10-30 22:51:44,047 - pyswarms.single.local_best - INFO - Optimize for 1000 iters with {'c1': 0.6, 'c2': 0.3, 'w': 0.9, 'k': 10, 'p': 1}
2024-10-31 02:08:36,878 - pyswarms.single.local_best - INFO - Optimize for 1000 iters with {'c1': 0.6, 'c2': 0.3, 'w': 0.9, 'k': 10, 'p': 1}
2024-10-31 16:09:30,487 - pyswarms.single.local_best - INFO - Optimize for 1000 iters with {'c1': 0.6, 'c2': 0.3, 'w': 0.9, 'k': 10, 'p': 1}
2024-10-31 16:10:41,209 - pyswarms.single.local_best - INFO - Optimize for 10 iters with {'c1': 0.6, 'c2': 0.3, 'w': 0.9, 'k': 10, 'p': 1}
2024-10-31 16:11:26,969 - pyswarms.single.local_best - INFO - Optimize for 10 iters with {'c1': 0.6, 'c2': 0.3, 'w': 0.9, 'k': 10, 'p': 1}
2024-10-31 16:11:42,329 - pyswarms.single.local_best - INFO - Optimize for 10 iters with {'c1': 0.6, 'c2': 0.3, 'w': 0.9, 'k': 10, 'p': 1}
2024-10-31 16:12:27,951 - pyswarms.single.local_best - INFO - Optimization finished | best cost: 3472.0510370373663, best pos: [1.42392255e+06 3.42591361e+01 1.72273045e-06 8.20491725e-01
 4.13694663e+00]
2024-10-31 16:13:30,394 - pyswarms.single.local_best - INFO - Optimize for 1000 iters with {'c1': 0.6, 'c2': 0.3, 'w': 0.9, 'k': 10, 'p': 1}
2024-10-31 17:24:31,633 - pyswarms.single.local_best - INFO - Optimization finished | best cost: 3489.618444361124, best pos: [1.42392028e+06 3.47174498e+01 5.48622104e-07 9.72370428e-01
 9.84083230e+01]
2024-10-31 17:59:08,173 - pyswarms.single.global_best - INFO - Optimize for 100 iters with {'c1': 0.6, 'c2': 0.3, 'w': 0.9, 'k': 10, 'p': 1}
2024-10-31 18:06:15,061 - pyswarms.single.global_best - INFO - Optimization finished | best cost: 3388.0109243444103, best pos: [1.42392205e+06 3.20182694e+01 3.61327632e-07 7.56882381e+00
 9.95929313e+01]
2024-10-31 18:12:16,125 - pyswarms.single.global_best - INFO - Optimize for 100 iters with {'c1': 0.6, 'c2': 0.3, 'w': 0.9}
2024-10-31 18:19:22,542 - pyswarms.single.global_best - INFO - Optimization finished | best cost: 3413.8762444206677, best pos: [1.42392298e+06 3.27164957e+01 4.10488281e-06 6.83248615e+00
 2.42222217e+00]
2024-10-31 18:23:00,504 - pyswarms.single.global_best - INFO - Optimize for 100 iters with {'c1': 0.6, 'c2': 0.3, 'w': 0.9}
2024-10-31 18:23:22,589 - pyswarms.single.global_best - INFO - Optimize for 100 iters with {'c1': 0.6, 'c2': 0.3, 'w': 0.9}
2024-10-31 18:31:05,359 - pyswarms.single.global_best - INFO - Optimize for 100 iters with {'c1': 0.6, 'c2': 0.3, 'w': 0.9}
2024-10-31 18:33:04,521 - pyswarms.single.global_best - INFO - Optimize for 100 iters with {'c1': 0.6, 'c2': 0.3, 'w': 0.9}
2024-10-31 18:33:15,022 - pyswarms.single.global_best - INFO - Optimize for 100 iters with {'c1': 0.6, 'c2': 0.3, 'w': 0.9}
2024-10-31 18:33:23,207 - pyswarms.single.global_best - INFO - Optimize for 100 iters with {'c1': 0.6, 'c2': 0.3, 'w': 0.9}
2024-10-31 18:35:32,274 - pyswarms.single.global_best - INFO - Optimize for 100 iters with {'c1': 0.6, 'c2': 0.3, 'w': 0.9}
2024-10-31 18:39:59,408 - pyswarms.single.global_best - INFO - Optimize for 100 iters with {'c1': 0.6, 'c2': 0.3, 'w': 0.9}
2024-10-31 18:40:05,072 - pyswarms.single.global_best - INFO - Optimize for 100 iters with {'c1': 0.6, 'c2': 0.3, 'w': 0.9}
2024-10-31 18:41:56,496 - pyswarms.single.global_best - INFO - Optimize for 100 iters with {'c1': 0.6, 'c2': 0.3, 'w': 0.9}
2024-10-31 18:54:21,138 - pyswarms.single.global_best - INFO - Optimize for 100 iters with {'c1': 0.6, 'c2': 0.3, 'w': 0.9}
2024-10-31 18:54:56,959 - pyswarms.single.global_best - INFO - Optimize for 100 iters with {'c1': 0.6, 'c2': 0.3, 'w': 0.9}
2024-10-31 18:55:07,088 - pyswarms.single.global_best - INFO - Optimize for 100 iters with {'c1': 0.6, 'c2': 0.3, 'w': 0.9}
2024-10-31 18:55:40,991 - pyswarms.single.global_best - INFO - Optimize for 100 iters with {'c1': 0.6, 'c2': 0.3, 'w': 0.9}
2024-10-31 18:57:00,612 - pyswarms.single.global_best - INFO - Optimize for 100 iters with {'c1': 0.6, 'c2': 0.3, 'w': 0.9}
2024-10-31 18:57:24,692 - pyswarms.single.global_best - INFO - Optimize for 100 iters with {'c1': 0.6, 'c2': 0.3, 'w': 0.9}
2024-10-31 18:58:16,839 - pyswarms.single.global_best - INFO - Optimize for 100 iters with {'c1': 0.6, 'c2': 0.3, 'w': 0.9}
2024-10-31 18:59:12,045 - pyswarms.single.global_best - INFO - Optimize for 100 iters with {'c1': 0.6, 'c2': 0.3, 'w': 0.9}
2024-10-31 19:02:14,433 - pyswarms.single.global_best - INFO - Optimize for 100 iters with {'c1': 0.6, 'c2': 0.3, 'w': 0.9}
2024-10-31 19:02:25,545 - pyswarms.single.global_best - INFO - Optimize for 100 iters with {'c1': 0.6, 'c2': 0.3, 'w': 0.9}
2024-10-31 19:02:45,697 - pyswarms.single.global_best - INFO - Optimize for 100 iters with {'c1': 0.6, 'c2': 0.3, 'w': 0.9}
