    NO MET    YEAR   MONTH  DAY
   3272003    2003      3    28


           APPARENT :

    ALFA R   DELTA R    ALFA G   DELTA G
  174.6400   15.4000  172.6286   12.6210
    1.2000     .4000    1.2942     .4621

    LAMBDA     BETA      L         B       G ELONG   H ELONG
  168.2246    8.6653  119.3897    3.6121  107.7474  156.5301
    1.1789     .6710     .6169     .3200    1.1861     .6412

           J2000.0 :

    ALFA R   DELTA R     V INF    ALFA G   DELTA G     V G       V H
  174.5963   15.4181   19.3000  172.5850   12.6390   15.8049   37.7957
    1.2000     .4000     .4000    1.2943     .4621     .4901     .4103

     L         B       V EARTH    1/A        PI    TRUE ANOM  TIME FROM PI
  119.3408    3.6118   29.8512   .393665  243.1901  303.9137   1441.38
     .6169     .3200     .0000   .034963    1.5974    1.5974    197.92

     A         E        Q PER     Q APH     OMEGA   ASC NODE     INCL
    2.5402     .6772     .8199    4.2606  236.0849    7.1053    3.9011
     .2256     .0284     .0081     .4502    1.5975     .0007     .3572





           B1950.0 :

    ALFA R   DELTA R     V INF    ALFA G   DELTA G     V G       V H
  173.9480   15.6951   19.3000  171.9360   12.9149   15.8049   37.7957
    1.2000     .4000     .4000    1.2943     .4621     .4901     .4103

     L         B       V EARTH    1/A        PI    TRUE ANOM  TIME FROM PI
  118.6423    3.6064   29.8512   .393665  242.4919  303.9137   1441.38
     .6169     .3200     .0000   .034963    1.5974    1.5974    197.92

     A         E        Q PER     Q APH     OMEGA   ASC NODE     INCL
    2.5402     .6772     .8199    4.2606  236.0647    6.4272    3.8947
     .2256     .0284     .0081     .4502    1.5975     .0007     .3572



