    NO MET    YEAR   MONTH  DAY
   1182000    2000      1    18


           APPARENT :

    ALFA R   DELTA R    ALFA G   DELTA G
   92.6000   42.0000   88.0217   27.7116
    2.0000    2.0000    1.8350    2.8684

    LAMBDA     BETA      L         B       G ELONG   H ELONG
   88.2488    4.2858   43.0196    1.3041  119.3397  164.6052
    1.6377    2.8633    1.0539     .9135    1.6634    1.0925

           J2000.0 :

    ALFA R   DELTA R     V INF    ALFA G   DELTA G     V G       V H
   92.5969   42.0008   15.8000   88.0194   27.7129   11.3078   37.1318
    2.0000    2.0000     .6000    1.8349    2.8682     .8443     .5651

     L         B       V EARTH    1/A        PI    TRUE ANOM  TIME FROM PI
   43.0126    1.3040   30.2589   .478696  160.0406  317.8618   1072.15
    1.0539     .9135     .0000   .047302    1.8111    1.8111    164.02

     A         E        Q PER     Q APH     OMEGA   ASC NODE     INCL
    2.0890     .5734     .8911    3.2869  222.1405  297.9001    1.3507
     .2064     .0445     .0092     .4176    1.8107     .0018     .9499





           B1950.0 :

    ALFA R   DELTA R     V INF    ALFA G   DELTA G     V G       V H
   91.7059   42.0113   15.8000   87.2328   27.7014   11.3078   37.1318
    2.0000    2.0000     .6000    1.8349    2.8682     .8443     .5651

     L         B       V EARTH    1/A        PI    TRUE ANOM  TIME FROM PI
   42.3145    1.2991   30.2589   .478696  159.3424  317.8618   1072.15
    1.0539     .9135     .0000   .047302    1.8111    1.8111    164.02

     A         E        Q PER     Q APH     OMEGA   ASC NODE     INCL
    2.0890     .5734     .8911    3.2869  222.3733  296.9692    1.3472
     .2064     .0445     .0092     .4176    1.8107     .0018     .9499



